2026/04/13 17:03:58 WIDTH: 45
2026/04/13 17:03:58 ROW: 1 COL: 1
2026/04/13 17:03:58 ROW: 2 COL: 1
2026/04/13 17:03:58 ROW: 3 COL: 1
2026/04/13 17:03:59 ROW: 2 COL: 1
2026/04/13 17:03:59 ROW: 1 COL: 1
2026/04/13 17:03:59 ROW: 2 COL: 1
2026/04/13 17:03:59 ROW: 3 COL: 1
2026/04/13 17:03:59 ROW: 3 COL: 1
2026/04/13 17:04:00 ROW: 2 COL: 1
2026/04/13 17:31:54 RHINGYMABOB!!!!!                                    
2026/04/13 17:32:04 RHINGYMABOB!!!!!                                    
2026/04/13 17:32:07 RHINGYMABOB!!!!!                                    
2026/04/13 17:32:08 RHINGYMABOB!!!!!                                    
2026/04/13 17:32:08 RHINGYMABOB!!!!!                                    
2026/04/13 17:32:08 RHINGYMABOB!!!!!                                    
2026/04/13 17:32:08 RHINGYMABOB!!!!!                                    
2026/04/13 17:32:08 RHINGYMABOB!!!!!                                    
2026/04/13 17:32:08 RHINGYMABOB!!!!!                                    
2026/04/13 17:32:09 RHINGYMABOB!!!!!                                    
2026/04/13 17:32:09 RHINGYMABOB!!!!!                                    
2026/04/13 17:32:09 RHINGYMABOB!!!!!                                    
2026/04/13 17:32:09 RHINGYMABOB!!!!!                                    
2026/04/13 17:32:09 RHINGYMABOB!!!!!                                    
2026/04/13 17:32:09 RHINGYMABOB!!!!!                                    
2026/04/13 17:32:35 RHINGYMABOB!!!!!                                    
2026/04/13 17:34:16 RHINGYMABOB!!!!!                                    
2026/04/13 17:34:20 RHINGYMABOB!!!!!                                    
2026/04/13 17:34:28 RHINGYMABOB!!!!!                                    
2026/04/13 17:34:30 RHINGYMABOB!!!!!                                    
2026/04/13 17:35:44 RHINGYMABOB!!!!!                                    
2026/04/13 17:35:47 RHINGYMABOB!!!!!                                    
2026/04/13 17:36:22 RAW MODE SENDING!!!!!!!
2026/04/13 17:36:22 RHINGYMABOB!!!!!                                    
2026/04/13 17:38:23 RHINGYMABOB!!!!!                                    
2026/04/13 17:38:23 RHINGYMABOB!!!!!                                    
2026/04/13 17:38:26 RHINGYMABOB!!!!!                                    
2026/04/13 17:38:26 RHINGYMABOB!!!!!                                    
2026/04/13 17:38:27 RHINGYMABOB!!!!!                                    
2026/04/13 17:38:27 RHINGYMABOB!!!!!                                    
2026/04/13 17:38:27 RHINGYMABOB!!!!!                                    
2026/04/13 17:38:28 RHINGYMABOB!!!!!                                    
2026/04/13 17:38:28 RHINGYMABOB!!!!!                                    
2026/04/13 17:38:28 RHINGYMABOB!!!!!                                    
2026/04/13 17:38:28 RHINGYMABOB!!!!!                                    
2026/04/13 17:38:29 RHINGYMABOB!!!!!                                    
2026/04/13 17:38:29 RHINGYMABOB!!!!!                                    
2026/04/13 17:38:29 RHINGYMABOB!!!!!                                    
2026/04/13 17:38:29 RHINGYMABOB!!!!!                                    
2026/04/13 17:38:29 RHINGYMABOB!!!!!                                    
2026/04/13 17:38:29 RHINGYMABOB!!!!!                                    
2026/04/13 17:38:29 RHINGYMABOB!!!!!                                    
2026/04/13 17:38:30 RHINGYMABOB!!!!!                                    
2026/04/13 17:38:30 RHINGYMABOB!!!!!                                    
2026/04/13 17:38:30 RHINGYMABOB!!!!!                                    
2026/04/13 17:38:30 RHINGYMABOB!!!!!                                    
2026/04/13 17:38:30 RHINGYMABOB!!!!!                                    
2026/04/13 17:38:30 RHINGYMABOB!!!!!                                    
2026/04/13 17:38:30 RHINGYMABOB!!!!!                                    
2026/04/13 17:38:31 RHINGYMABOB!!!!!                                    clear
2026/04/13 17:38:31 RHINGYMABOB!!!!!                                    
2026/04/13 17:38:31 RHINGYMABOB!!!!!                                    
2026/04/13 17:38:32 RHINGYMABOB!!!!!                                    ls
2026/04/13 17:38:32 RHINGYMABOB!!!!!                                    
2026/04/13 17:38:33 RHINGYMABOB!!!!!                                    
2026/04/13 17:38:33 RHINGYMABOB!!!!!                                    ls
2026/04/13 17:38:33 RHINGYMABOB!!!!!                                    
2026/04/13 17:38:33 RHINGYMABOB!!!!!                                    
2026/04/13 17:38:33 RHINGYMABOB!!!!!                                    ls
2026/04/13 17:38:33 RHINGYMABOB!!!!!                                    
2026/04/13 17:38:34 RHINGYMABOB!!!!!                                    
2026/04/13 17:38:34 RHINGYMABOB!!!!!                                    ls
2026/04/13 17:38:34 RHINGYMABOB!!!!!                                    
2026/04/13 17:38:34 RHINGYMABOB!!!!!                                    
2026/04/13 17:38:34 RHINGYMABOB!!!!!                                    ls
2026/04/13 17:38:34 RHINGYMABOB!!!!!                                    
2026/04/13 17:38:35 RHINGYMABOB!!!!!                                    
2026/04/13 17:38:35 RHINGYMABOB!!!!!                                    ls
2026/04/13 17:38:35 RHINGYMABOB!!!!!                                    
2026/04/13 17:38:35 RHINGYMABOB!!!!!                                    
2026/04/13 17:38:35 RHINGYMABOB!!!!!                                    ls
2026/04/13 17:38:35 RHINGYMABOB!!!!!                                    
2026/04/13 17:38:36 RHINGYMABOB!!!!!                                    
2026/04/13 17:38:36 RHINGYMABOB!!!!!                                    ls
2026/04/13 17:38:36 RHINGYMABOB!!!!!                                    
2026/04/13 17:38:36 RHINGYMABOB!!!!!                                    
2026/04/13 17:38:36 RHINGYMABOB!!!!!                                    
2026/04/13 17:38:36 RHINGYMABOB!!!!!                                    
2026/04/13 17:38:37 RHINGYMABOB!!!!!                                    
2026/04/13 17:38:38 RHINGYMABOB!!!!!                                    clear
2026/04/13 17:38:39 RHINGYMABOB!!!!!                                    
2026/04/13 17:38:40 RHINGYMABOB!!!!!                                    
2026/04/13 17:38:40 RHINGYMABOB!!!!!                                    
2026/04/13 17:38:40 RHINGYMABOB!!!!!                                    
2026/04/13 17:38:40 RHINGYMABOB!!!!!                                    
2026/04/13 17:38:42 RHINGYMABOB!!!!!                                    
2026/04/13 17:38:42 RHINGYMABOB!!!!!                                    
2026/04/13 17:38:42 RHINGYMABOB!!!!!                                    
2026/04/13 17:38:42 RHINGYMABOB!!!!!                                    
2026/04/13 17:38:42 RHINGYMABOB!!!!!                                    
2026/04/13 17:38:43 RHINGYMABOB!!!!!                                    
2026/04/13 17:38:43 RHINGYMABOB!!!!!                                    
2026/04/13 17:38:43 RHINGYMABOB!!!!!                                    
2026/04/13 17:38:43 RHINGYMABOB!!!!!                                    
2026/04/13 17:38:43 RHINGYMABOB!!!!!                                    
2026/04/13 17:38:43 RHINGYMABOB!!!!!                                    
2026/04/13 17:38:43 RHINGYMABOB!!!!!                                    clear
2026/04/13 17:38:44 RHINGYMABOB!!!!!                                    
2026/04/13 17:38:44 RHINGYMABOB!!!!!                                    
2026/04/13 17:38:44 RHINGYMABOB!!!!!                                    
2026/04/13 17:38:45 RHINGYMABOB!!!!!                                    
2026/04/13 17:38:45 RHINGYMABOB!!!!!                                    
2026/04/13 17:38:45 RHINGYMABOB!!!!!                                    cd ..
2026/04/13 17:38:45 RHINGYMABOB!!!!!                                    
2026/04/13 17:38:45 RHINGYMABOB!!!!!                                    
2026/04/13 17:38:46 RHINGYMABOB!!!!!                                    
2026/04/13 17:38:46 RHINGYMABOB!!!!!                                    
2026/04/13 17:38:46 RHINGYMABOB!!!!!                                    
2026/04/13 17:38:46 RHINGYMABOB!!!!!                                    
2026/04/13 17:38:46 RHINGYMABOB!!!!!                                    
2026/04/13 17:38:46 RHINGYMABOB!!!!!                                    
2026/04/13 17:38:46 RHINGYMABOB!!!!!                                    
2026/04/13 17:38:46 RHINGYMABOB!!!!!                                    clear
2026/04/13 17:38:46 RHINGYMABOB!!!!!                                    
2026/04/13 17:38:47 RHINGYMABOB!!!!!                                    
2026/04/13 17:38:47 RHINGYMABOB!!!!!                                    ls
2026/04/13 17:38:48 RHINGYMABOB!!!!!                                    
2026/04/13 17:38:48 RHINGYMABOB!!!!!                                    
2026/04/13 17:38:48 RHINGYMABOB!!!!!                                    
2026/04/13 17:38:48 RHINGYMABOB!!!!!                                    
2026/04/13 17:38:48 RHINGYMABOB!!!!!                                    
2026/04/13 17:38:48 RHINGYMABOB!!!!!                                    
2026/04/13 17:38:48 RHINGYMABOB!!!!!                                    cd etc
2026/04/13 17:38:48 RHINGYMABOB!!!!!                                    
2026/04/13 17:38:49 RHINGYMABOB!!!!!                                    
2026/04/13 17:38:49 RHINGYMABOB!!!!!                                    
2026/04/13 17:38:49 RHINGYMABOB!!!!!                                    
2026/04/13 17:38:49 RHINGYMABOB!!!!!                                    
2026/04/13 17:38:49 RHINGYMABOB!!!!!                                    
2026/04/13 17:38:50 RHINGYMABOB!!!!!                                    
2026/04/13 17:38:50 RHINGYMABOB!!!!!                                    
2026/04/13 17:38:50 RHINGYMABOB!!!!!                                    v passwd
2026/04/13 17:38:50 WIDTH: 47
2026/04/13 17:38:50 ROW: 1 COL: 1
2026/04/13 17:38:51 ROW: 2 COL: 1
2026/04/13 17:38:51 ROW: 3 COL: 1
2026/04/13 17:38:51 ROW: 3 COL: 1
2026/04/13 17:38:52 ROW: 3 COL: 1
2026/04/13 17:38:52 ROW: 2 COL: 1
2026/04/13 17:38:53 ROW: 2 COL: 2
2026/04/13 17:38:53 ROW: 2 COL: 3
2026/04/13 17:38:53 ROW: 2 COL: 4
2026/04/13 17:38:53 ROW: 2 COL: 5
2026/04/13 17:38:54 ROW: 2 COL: 4
2026/04/13 17:38:55 ROW: 2 COL: 4
2026/04/13 17:38:55 ROW: 2 COL: 3
2026/04/13 17:38:56 ROW: 2 COL: 4
2026/04/13 17:38:57 ROW: 2 COL: 5
2026/04/13 17:38:58 ROW: 2 COL: 5
2026/04/13 17:39:00 ROW: 2 COL: 5
2026/04/13 17:39:00 ROW: 2 COL: 5
2026/04/13 17:39:01 RHINGYMABOB!!!!!                                    
2026/04/13 17:39:02 RHINGYMABOB!!!!!                                    
2026/04/13 17:39:06 RHINGYMABOB!!!!!                                    
2026/04/13 17:39:07 RHINGYMABOB!!!!!                                    
2026/04/13 17:39:07 RHINGYMABOB!!!!!                                    
2026/04/13 17:39:07 RHINGYMABOB!!!!!                                    
2026/04/13 17:39:07 RHINGYMABOB!!!!!                                    
2026/04/13 17:39:13 RHINGYMABOB!!!!!                                    
2026/04/13 17:41:26 WIDTH: 47
2026/04/13 17:41:26 ROW: 1 COL: 1
2026/04/13 17:42:17 WIDTH: 47
2026/04/13 17:42:17 ROW: 1 COL: 1
2026/04/13 17:42:17 ROW: 1 COL: 1
